Analysis & Synthesis report for vga_display
Fri Jun 02 15:17:42 2023
Quartus II Version 9.1 Build 222 10/21/2009 SJ Full Version


---------------------
; Table of Contents ;
---------------------
  1. Legal Notice
  2. Analysis & Synthesis Summary
  3. Analysis & Synthesis Settings
  4. Parallel Compilation
  5. Analysis & Synthesis Source Files Read
  6. Analysis & Synthesis Resource Usage Summary
  7. Analysis & Synthesis Resource Utilization by Entity
  8. User-Specified and Inferred Latches
  9. Source assignments for line_controller:inst1|lpm_counter:counter_rtl_0
 10. Source assignments for row_controller:inst3|lpm_counter:counter_rtl_1
 11. Parameter Settings for User Entity Instance: display:inst
 12. Parameter Settings for Inferred Entity Instance: line_controller:inst1|lpm_counter:counter_rtl_0
 13. Parameter Settings for Inferred Entity Instance: row_controller:inst3|lpm_counter:counter_rtl_1
 14. Analysis & Synthesis Messages



----------------
; Legal Notice ;
----------------
Copyright (C) 1991-2009 Altera Corporation
Your use of Altera Corporation's design tools, logic functions 
and other software and tools, and its AMPP partner logic 
functions, and any output files from any of the foregoing 
(including device programming or simulation files), and any 
associated documentation or information are expressly subject 
to the terms and conditions of the Altera Program License 
Subscription Agreement, Altera MegaCore Function License 
Agreement, or other applicable license agreement, including, 
without limitation, that your use is for the sole purpose of 
programming logic devices manufactured by Altera and sold by 
Altera or its authorized distributors.  Please refer to the 
applicable agreement for further details.



+------------------------------------------------------------------------+
; Analysis & Synthesis Summary                                           ;
+-----------------------------+------------------------------------------+
; Analysis & Synthesis Status ; Successful - Fri Jun 02 15:17:42 2023    ;
; Quartus II Version          ; 9.1 Build 222 10/21/2009 SJ Full Version ;
; Revision Name               ; vga_display                              ;
; Top-level Entity Name       ; vga_display                              ;
; Family                      ; MAX7000S                                 ;
; Total macrocells            ; 49                                       ;
; Total pins                  ; 8                                        ;
+-----------------------------+------------------------------------------+


+--------------------------------------------------------------------------------------------------------------+
; Analysis & Synthesis Settings                                                                                ;
+----------------------------------------------------------------------------+-----------------+---------------+
; Option                                                                     ; Setting         ; Default Value ;
+----------------------------------------------------------------------------+-----------------+---------------+
; Device                                                                     ; EPM7128SLC84-15 ;               ;
; Top-level entity name                                                      ; vga_display     ; vga_display   ;
; Family name                                                                ; MAX7000S        ; Stratix II    ;
; Use Generated Physical Constraints File                                    ; Off             ;               ;
; Use smart compilation                                                      ; Off             ; Off           ;
; Enable parallel Assembler and TimeQuest Timing Analyzer during compilation ; On              ; On            ;
; Enable compact report table                                                ; Off             ; Off           ;
; Create Debugging Nodes for IP Cores                                        ; Off             ; Off           ;
; Preserve fewer node names                                                  ; On              ; On            ;
; Disable OpenCore Plus hardware evaluation                                  ; Off             ; Off           ;
; Verilog Version                                                            ; Verilog_2001    ; Verilog_2001  ;
; VHDL Version                                                               ; VHDL_1993       ; VHDL_1993     ;
; State Machine Processing                                                   ; Auto            ; Auto          ;
; Safe State Machine                                                         ; Off             ; Off           ;
; Extract Verilog State Machines                                             ; On              ; On            ;
; Extract VHDL State Machines                                                ; On              ; On            ;
; Ignore Verilog initial constructs                                          ; Off             ; Off           ;
; Iteration limit for constant Verilog loops                                 ; 5000            ; 5000          ;
; Iteration limit for non-constant Verilog loops                             ; 250             ; 250           ;
; Add Pass-Through Logic to Inferred RAMs                                    ; On              ; On            ;
; Parallel Synthesis                                                         ; On              ; On            ;
; NOT Gate Push-Back                                                         ; On              ; On            ;
; Power-Up Don't Care                                                        ; On              ; On            ;
; Remove Duplicate Registers                                                 ; On              ; On            ;
; Ignore CARRY Buffers                                                       ; Off             ; Off           ;
; Ignore CASCADE Buffers                                                     ; Off             ; Off           ;
; Ignore GLOBAL Buffers                                                      ; Off             ; Off           ;
; Ignore ROW GLOBAL Buffers                                                  ; Off             ; Off           ;
; Ignore LCELL Buffers                                                       ; Auto            ; Auto          ;
; Ignore SOFT Buffers                                                        ; Off             ; Off           ;
; Limit AHDL Integers to 32 Bits                                             ; Off             ; Off           ;
; Optimization Technique                                                     ; Speed           ; Speed         ;
; Allow XOR Gate Usage                                                       ; On              ; On            ;
; Auto Logic Cell Insertion                                                  ; On              ; On            ;
; Parallel Expander Chain Length                                             ; 4               ; 4             ;
; Auto Parallel Expanders                                                    ; On              ; On            ;
; Auto Open-Drain Pins                                                       ; On              ; On            ;
; Auto Resource Sharing                                                      ; Off             ; Off           ;
; Maximum Fan-in Per Macrocell                                               ; 100             ; 100           ;
; Use LogicLock Constraints during Resource Balancing                        ; On              ; On            ;
; Ignore translate_off and synthesis_off directives                          ; Off             ; Off           ;
; Show Parameter Settings Tables in Synthesis Report                         ; On              ; On            ;
; HDL message level                                                          ; Level2          ; Level2        ;
; Suppress Register Optimization Related Messages                            ; Off             ; Off           ;
; Number of Removed Registers Reported in Synthesis Report                   ; 100             ; 100           ;
; Number of Inverted Registers Reported in Synthesis Report                  ; 100             ; 100           ;
; Block Design Naming                                                        ; Auto            ; Auto          ;
; Synthesis Effort                                                           ; Auto            ; Auto          ;
; Shift Register Replacement - Allow Asynchronous Clear Signal               ; On              ; On            ;
; Analysis & Synthesis Message Level                                         ; Medium          ; Medium        ;
; Disable Register Merging Across Hierarchies                                ; Auto            ; Auto          ;
+----------------------------------------------------------------------------+-----------------+---------------+


+------------------------------------------+
; Parallel Compilation                     ;
+----------------------------+-------------+
; Processors                 ; Number      ;
+----------------------------+-------------+
; Number detected on machine ; 4           ;
; Maximum allowed            ; 4           ;
;                            ;             ;
; Average used               ; 1.00        ;
; Maximum used               ; 1           ;
;                            ;             ;
; Usage by Processor         ; % Time Used ;
;     1 processor            ; 100.0%      ;
;     2-4 processors         ;   0.0%      ;
+----------------------------+-------------+


+--------------------------------------------------------------------------------------------------------------------------------------------------------------------+
; Analysis & Synthesis Source Files Read                                                                                                                             ;
+----------------------------------+-----------------+------------------------------------+--------------------------------------------------------------------------+
; File Name with User-Entered Path ; Used in Netlist ; File Type                          ; File Name with Absolute Path                                             ;
+----------------------------------+-----------------+------------------------------------+--------------------------------------------------------------------------+
; mode_selector.vhd                ; yes             ; User VHDL File                     ; C:/Users/Administrator/Desktop/vga_final/vga-display/mode_selector.vhd   ;
; row_controller.vhd               ; yes             ; User VHDL File                     ; C:/Users/Administrator/Desktop/vga_final/vga-display/row_controller.vhd  ;
; line_controller.vhd              ; yes             ; User VHDL File                     ; C:/Users/Administrator/Desktop/vga_final/vga-display/line_controller.vhd ;
; display.vhd                      ; yes             ; User VHDL File                     ; C:/Users/Administrator/Desktop/vga_final/vga-display/display.vhd         ;
; vga_display.bdf                  ; yes             ; User Block Diagram/Schematic File  ; C:/Users/Administrator/Desktop/vga_final/vga-display/vga_display.bdf     ;
; lpm_counter.tdf                  ; yes             ; Megafunction                       ; c:/altera/91/quartus/libraries/megafunctions/lpm_counter.tdf             ;
+----------------------------------+-----------------+------------------------------------+--------------------------------------------------------------------------+


+-------------------------------------------------------------------------------+
; Analysis & Synthesis Resource Usage Summary                                   ;
+----------------------+--------------------------------------------------------+
; Resource             ; Usage                                                  ;
+----------------------+--------------------------------------------------------+
; Logic cells          ; 49                                                     ;
; Total registers      ; 27                                                     ;
; I/O pins             ; 8                                                      ;
; Shareable expanders  ; 7                                                      ;
; Parallel expanders   ; 16                                                     ;
; Maximum fan-out node ; row_controller:inst3|lpm_counter:counter_rtl_1|dffs[9] ;
; Maximum fan-out      ; 20                                                     ;
; Total fan-out        ; 424                                                    ;
; Average fan-out      ; 6.63                                                   ;
+----------------------+--------------------------------------------------------+


+-------------------------------------------------------------------------------------------------------------------------------------+
; Analysis & Synthesis Resource Utilization by Entity                                                                                 ;
+-----------------------------------+------------+------+--------------------------------------------------------------+--------------+
; Compilation Hierarchy Node        ; Macrocells ; Pins ; Full Hierarchy Name                                          ; Library Name ;
+-----------------------------------+------------+------+--------------------------------------------------------------+--------------+
; |vga_display                      ; 49         ; 8    ; |vga_display                                                 ; work         ;
;    |display:inst|                 ; 14         ; 0    ; |vga_display|display:inst                                    ; work         ;
;    |line_controller:inst1|        ; 12         ; 0    ; |vga_display|line_controller:inst1                           ; work         ;
;       |lpm_counter:counter_rtl_0| ; 5          ; 0    ; |vga_display|line_controller:inst1|lpm_counter:counter_rtl_0 ; work         ;
;    |mode_selector:inst2|          ; 2          ; 0    ; |vga_display|mode_selector:inst2                             ; work         ;
;    |row_controller:inst3|         ; 21         ; 0    ; |vga_display|row_controller:inst3                            ; work         ;
;       |lpm_counter:counter_rtl_1| ; 13         ; 0    ; |vga_display|row_controller:inst3|lpm_counter:counter_rtl_1  ; work         ;
+-----------------------------------+------------+------+--------------------------------------------------------------+--------------+


+---------------------------------------------------------------------------------------------------+
; User-Specified and Inferred Latches                                                               ;
+----------------------------------------------------+---------------------+------------------------+
; Latch Name                                         ; Latch Enable Signal ; Free of Timing Hazards ;
+----------------------------------------------------+---------------------+------------------------+
; display:inst|RGB[0]                                ; display:inst|Mux2   ; yes                    ;
; display:inst|RGB[1]                                ; display:inst|Mux2   ; yes                    ;
; display:inst|RGB[2]                                ; display:inst|Mux2   ; yes                    ;
; Number of user-specified and inferred latches = 3  ;                     ;                        ;
+----------------------------------------------------+---------------------+------------------------+
Note: All latches listed above may not be present at the end of synthesis due to various synthesis optimizations.


+------------------------------------------------------------------------+
; Source assignments for line_controller:inst1|lpm_counter:counter_rtl_0 ;
+---------------------------+-------+------+-----------------------------+
; Assignment                ; Value ; From ; To                          ;
+---------------------------+-------+------+-----------------------------+
; SUPPRESS_DA_RULE_INTERNAL ; a101  ; -    ; -                           ;
; SUPPRESS_DA_RULE_INTERNAL ; s102  ; -    ; -                           ;
; SUPPRESS_DA_RULE_INTERNAL ; s103  ; -    ; -                           ;
+---------------------------+-------+------+-----------------------------+


+-----------------------------------------------------------------------+
; Source assignments for row_controller:inst3|lpm_counter:counter_rtl_1 ;
+---------------------------+-------+------+----------------------------+
; Assignment                ; Value ; From ; To                         ;
+---------------------------+-------+------+----------------------------+
; SUPPRESS_DA_RULE_INTERNAL ; a101  ; -    ; -                          ;
; SUPPRESS_DA_RULE_INTERNAL ; s102  ; -    ; -                          ;
; SUPPRESS_DA_RULE_INTERNAL ; s103  ; -    ; -                          ;
+---------------------------+-------+------+----------------------------+


+-----------------------------------------------------------+
; Parameter Settings for User Entity Instance: display:inst ;
+----------------+-------+----------------------------------+
; Parameter Name ; Value ; Type                             ;
+----------------+-------+----------------------------------+
; black          ; 000   ; Unsigned Binary                  ;
; red            ; 100   ; Unsigned Binary                  ;
; blue           ; 010   ; Unsigned Binary                  ;
; pink           ; 011   ; Unsigned Binary                  ;
; green          ; 001   ; Unsigned Binary                  ;
; yellow         ; 101   ; Unsigned Binary                  ;
; cyan           ; 110   ; Unsigned Binary                  ;
; white          ; 111   ; Unsigned Binary                  ;
+----------------+-------+----------------------------------+
Note: In order to hide this table in the UI and the text report file, please set the "Show Parameter Settings Tables in Synthesis Report" option in "Analysis and Synthesis Settings -> More Settings" to "Off".


+--------------------------------------------------------------------------------------------------+
; Parameter Settings for Inferred Entity Instance: line_controller:inst1|lpm_counter:counter_rtl_0 ;
+------------------------+-------------------+-----------------------------------------------------+
; Parameter Name         ; Value             ; Type                                                ;
+------------------------+-------------------+-----------------------------------------------------+
; AUTO_CARRY_CHAINS      ; ON                ; AUTO_CARRY                                          ;
; IGNORE_CARRY_BUFFERS   ; OFF               ; IGNORE_CARRY                                        ;
; AUTO_CASCADE_CHAINS    ; ON                ; AUTO_CASCADE                                        ;
; IGNORE_CASCADE_BUFFERS ; OFF               ; IGNORE_CASCADE                                      ;
; LPM_WIDTH              ; 5                 ; Untyped                                             ;
; LPM_DIRECTION          ; UP                ; Untyped                                             ;
; LPM_MODULUS            ; 0                 ; Untyped                                             ;
; LPM_AVALUE             ; UNUSED            ; Untyped                                             ;
; LPM_SVALUE             ; UNUSED            ; Untyped                                             ;
; LPM_PORT_UPDOWN        ; PORT_CONNECTIVITY ; Untyped                                             ;
; DEVICE_FAMILY          ; MAX7000S          ; Untyped                                             ;
; CARRY_CHAIN            ; MANUAL            ; Untyped                                             ;
; CARRY_CHAIN_LENGTH     ; 48                ; CARRY_CHAIN_LENGTH                                  ;
; NOT_GATE_PUSH_BACK     ; ON                ; NOT_GATE_PUSH_BACK                                  ;
; CARRY_CNT_EN           ; SMART             ; Untyped                                             ;
; LABWIDE_SCLR           ; ON                ; Untyped                                             ;
; USE_NEW_VERSION        ; TRUE              ; Untyped                                             ;
; CBXI_PARAMETER         ; NOTHING           ; Untyped                                             ;
+------------------------+-------------------+-----------------------------------------------------+
Note: In order to hide this table in the UI and the text report file, please set the "Show Parameter Settings Tables in Synthesis Report" option in "Analysis and Synthesis Settings -> More Settings" to "Off".


+-------------------------------------------------------------------------------------------------+
; Parameter Settings for Inferred Entity Instance: row_controller:inst3|lpm_counter:counter_rtl_1 ;
+------------------------+-------------------+----------------------------------------------------+
; Parameter Name         ; Value             ; Type                                               ;
+------------------------+-------------------+----------------------------------------------------+
; AUTO_CARRY_CHAINS      ; ON                ; AUTO_CARRY                                         ;
; IGNORE_CARRY_BUFFERS   ; OFF               ; IGNORE_CARRY                                       ;
; AUTO_CASCADE_CHAINS    ; ON                ; AUTO_CASCADE                                       ;
; IGNORE_CASCADE_BUFFERS ; OFF               ; IGNORE_CASCADE                                     ;
; LPM_WIDTH              ; 10                ; Untyped                                            ;
; LPM_DIRECTION          ; UP                ; Untyped                                            ;
; LPM_MODULUS            ; 0                 ; Untyped                                            ;
; LPM_AVALUE             ; UNUSED            ; Untyped                                            ;
; LPM_SVALUE             ; UNUSED            ; Untyped                                            ;
; LPM_PORT_UPDOWN        ; PORT_CONNECTIVITY ; Untyped                                            ;
; DEVICE_FAMILY          ; MAX7000S          ; Untyped                                            ;
; CARRY_CHAIN            ; MANUAL            ; Untyped                                            ;
; CARRY_CHAIN_LENGTH     ; 48                ; CARRY_CHAIN_LENGTH                                 ;
; NOT_GATE_PUSH_BACK     ; ON                ; NOT_GATE_PUSH_BACK                                 ;
; CARRY_CNT_EN           ; SMART             ; Untyped                                            ;
; LABWIDE_SCLR           ; ON                ; Untyped                                            ;
; USE_NEW_VERSION        ; TRUE              ; Untyped                                            ;
; CBXI_PARAMETER         ; NOTHING           ; Untyped                                            ;
+------------------------+-------------------+----------------------------------------------------+
Note: In order to hide this table in the UI and the text report file, please set the "Show Parameter Settings Tables in Synthesis Report" option in "Analysis and Synthesis Settings -> More Settings" to "Off".


+-------------------------------+
; Analysis & Synthesis Messages ;
+-------------------------------+
Info: *******************************************************************
Info: Running Quartus II Analysis & Synthesis
    Info: Version 9.1 Build 222 10/21/2009 SJ Full Version
    Info: Processing started: Fri Jun 02 15:17:41 2023
Info: Command: quartus_map --read_settings_files=on --write_settings_files=off vga_display -c vga_display
Info: Parallel compilation is enabled and will use 4 of the 4 processors detected
Info: Found 2 design units, including 1 entities, in source file mode_selector.vhd
    Info: Found design unit 1: mode_selector-rtl
    Info: Found entity 1: mode_selector
Info: Found 2 design units, including 1 entities, in source file row_controller.vhd
    Info: Found design unit 1: row_controller-rtl
    Info: Found entity 1: row_controller
Info: Found 2 design units, including 1 entities, in source file line_controller.vhd
    Info: Found design unit 1: line_controller-rtl
    Info: Found entity 1: line_controller
Info: Found 2 design units, including 1 entities, in source file display.vhd
    Info: Found design unit 1: display-rtl
    Info: Found entity 1: display
Info: Found 1 design units, including 1 entities, in source file vga_display.bdf
    Info: Found entity 1: vga_display
Info: Elaborating entity "vga_display" for the top level hierarchy
Info: Elaborating entity "display" for hierarchy "display:inst"
Warning (10492): VHDL Process Statement warning at display.vhd(39): signal "mode" is read inside the Process Statement but isn't in the Process Statement's sensitivity list
Warning (10492): VHDL Process Statement warning at display.vhd(41): signal "cur_row_part" is read inside the Process Statement but isn't in the Process Statement's sensitivity list
Warning (10492): VHDL Process Statement warning at display.vhd(42): signal "cur_line_part" is read inside the Process Statement but isn't in the Process Statement's sensitivity list
Warning (10492): VHDL Process Statement warning at display.vhd(44): signal "cur_line_part" is read inside the Process Statement but isn't in the Process Statement's sensitivity list
Warning (10492): VHDL Process Statement warning at display.vhd(46): signal "cur_line_part" is read inside the Process Statement but isn't in the Process Statement's sensitivity list
Warning (10492): VHDL Process Statement warning at display.vhd(48): signal "cur_line_part" is read inside the Process Statement but isn't in the Process Statement's sensitivity list
Warning (10492): VHDL Process Statement warning at display.vhd(50): signal "cur_line_part" is read inside the Process Statement but isn't in the Process Statement's sensitivity list
Warning (10492): VHDL Process Statement warning at display.vhd(52): signal "cur_line_part" is read inside the Process Statement but isn't in the Process Statement's sensitivity list
Warning (10492): VHDL Process Statement warning at display.vhd(54): signal "cur_line_part" is read inside the Process Statement but isn't in the Process Statement's sensitivity list
Warning (10492): VHDL Process Statement warning at display.vhd(56): signal "cur_line_part" is read inside the Process Statement but isn't in the Process Statement's sensitivity list
Warning (10492): VHDL Process Statement warning at display.vhd(61): signal "cur_row_part" is read inside the Process Statement but isn't in the Process Statement's sensitivity list
Warning (10492): VHDL Process Statement warning at display.vhd(63): signal "cur_line_part" is read inside the Process Statement but isn't in the Process Statement's sensitivity list
Warning (10492): VHDL Process Statement warning at display.vhd(65): signal "cur_line_part" is read inside the Process Statement but isn't in the Process Statement's sensitivity list
Warning (10492): VHDL Process Statement warning at display.vhd(67): signal "cur_line_part" is read inside the Process Statement but isn't in the Process Statement's sensitivity list
Warning (10492): VHDL Process Statement warning at display.vhd(69): signal "cur_line_part" is read inside the Process Statement but isn't in the Process Statement's sensitivity list
Warning (10492): VHDL Process Statement warning at display.vhd(71): signal "cur_line_part" is read inside the Process Statement but isn't in the Process Statement's sensitivity list
Warning (10492): VHDL Process Statement warning at display.vhd(73): signal "cur_line_part" is read inside the Process Statement but isn't in the Process Statement's sensitivity list
Warning (10492): VHDL Process Statement warning at display.vhd(75): signal "cur_line_part" is read inside the Process Statement but isn't in the Process Statement's sensitivity list
Warning (10492): VHDL Process Statement warning at display.vhd(77): signal "cur_line_part" is read inside the Process Statement but isn't in the Process Statement's sensitivity list
Warning (10492): VHDL Process Statement warning at display.vhd(82): signal "cur_row_part" is read inside the Process Statement but isn't in the Process Statement's sensitivity list
Warning (10492): VHDL Process Statement warning at display.vhd(83): signal "cur_line_part" is read inside the Process Statement but isn't in the Process Statement's sensitivity list
Warning (10492): VHDL Process Statement warning at display.vhd(85): signal "cur_line_part" is read inside the Process Statement but isn't in the Process Statement's sensitivity list
Warning (10492): VHDL Process Statement warning at display.vhd(87): signal "cur_line_part" is read inside the Process Statement but isn't in the Process Statement's sensitivity list
Warning (10492): VHDL Process Statement warning at display.vhd(89): signal "cur_line_part" is read inside the Process Statement but isn't in the Process Statement's sensitivity list
Warning (10492): VHDL Process Statement warning at display.vhd(91): signal "cur_line_part" is read inside the Process Statement but isn't in the Process Statement's sensitivity list
Warning (10492): VHDL Process Statement warning at display.vhd(93): signal "cur_line_part" is read inside the Process Statement but isn't in the Process Statement's sensitivity list
Warning (10492): VHDL Process Statement warning at display.vhd(95): signal "cur_line_part" is read inside the Process Statement but isn't in the Process Statement's sensitivity list
Warning (10492): VHDL Process Statement warning at display.vhd(97): signal "cur_line_part" is read inside the Process Statement but isn't in the Process Statement's sensitivity list
Warning (10492): VHDL Process Statement warning at display.vhd(102): signal "cur_row_part" is read inside the Process Statement but isn't in the Process Statement's sensitivity list
Warning (10492): VHDL Process Statement warning at display.vhd(103): signal "cur_line_part" is read inside the Process Statement but isn't in the Process Statement's sensitivity list
Warning (10492): VHDL Process Statement warning at display.vhd(105): signal "cur_line_part" is read inside the Process Statement but isn't in the Process Statement's sensitivity list
Warning (10492): VHDL Process Statement warning at display.vhd(107): signal "cur_line_part" is read inside the Process Statement but isn't in the Process Statement's sensitivity list
Warning (10492): VHDL Process Statement warning at display.vhd(109): signal "cur_line_part" is read inside the Process Statement but isn't in the Process Statement's sensitivity list
Warning (10492): VHDL Process Statement warning at display.vhd(111): signal "cur_line_part" is read inside the Process Statement but isn't in the Process Statement's sensitivity list
Warning (10492): VHDL Process Statement warning at display.vhd(113): signal "cur_line_part" is read inside the Process Statement but isn't in the Process Statement's sensitivity list
Warning (10492): VHDL Process Statement warning at display.vhd(115): signal "cur_line_part" is read inside the Process Statement but isn't in the Process Statement's sensitivity list
Warning (10492): VHDL Process Statement warning at display.vhd(117): signal "cur_line_part" is read inside the Process Statement but isn't in the Process Statement's sensitivity list
Warning (10492): VHDL Process Statement warning at display.vhd(122): signal "cur_row_part" is read inside the Process Statement but isn't in the Process Statement's sensitivity list
Warning (10492): VHDL Process Statement warning at display.vhd(123): signal "cur_line_part" is read inside the Process Statement but isn't in the Process Statement's sensitivity list
Warning (10492): VHDL Process Statement warning at display.vhd(125): signal "cur_line_part" is read inside the Process Statement but isn't in the Process Statement's sensitivity list
Warning (10492): VHDL Process Statement warning at display.vhd(127): signal "cur_line_part" is read inside the Process Statement but isn't in the Process Statement's sensitivity list
Warning (10492): VHDL Process Statement warning at display.vhd(129): signal "cur_line_part" is read inside the Process Statement but isn't in the Process Statement's sensitivity list
Warning (10492): VHDL Process Statement warning at display.vhd(131): signal "cur_line_part" is read inside the Process Statement but isn't in the Process Statement's sensitivity list
Warning (10492): VHDL Process Statement warning at display.vhd(133): signal "cur_line_part" is read inside the Process Statement but isn't in the Process Statement's sensitivity list
Warning (10492): VHDL Process Statement warning at display.vhd(135): signal "cur_line_part" is read inside the Process Statement but isn't in the Process Statement's sensitivity list
Warning (10492): VHDL Process Statement warning at display.vhd(137): signal "cur_line_part" is read inside the Process Statement but isn't in the Process Statement's sensitivity list
Warning (10492): VHDL Process Statement warning at display.vhd(142): signal "cur_row_part" is read inside the Process Statement but isn't in the Process Statement's sensitivity list
Warning (10492): VHDL Process Statement warning at display.vhd(143): signal "cur_line_part" is read inside the Process Statement but isn't in the Process Statement's sensitivity list
Warning (10492): VHDL Process Statement warning at display.vhd(145): signal "cur_line_part" is read inside the Process Statement but isn't in the Process Statement's sensitivity list
Warning (10492): VHDL Process Statement warning at display.vhd(147): signal "cur_line_part" is read inside the Process Statement but isn't in the Process Statement's sensitivity list
Warning (10492): VHDL Process Statement warning at display.vhd(149): signal "cur_line_part" is read inside the Process Statement but isn't in the Process Statement's sensitivity list
Warning (10492): VHDL Process Statement warning at display.vhd(151): signal "cur_line_part" is read inside the Process Statement but isn't in the Process Statement's sensitivity list
Warning (10492): VHDL Process Statement warning at display.vhd(153): signal "cur_line_part" is read inside the Process Statement but isn't in the Process Statement's sensitivity list
Warning (10492): VHDL Process Statement warning at display.vhd(155): signal "cur_line_part" is read inside the Process Statement but isn't in the Process Statement's sensitivity list
Warning (10492): VHDL Process Statement warning at display.vhd(157): signal "cur_line_part" is read inside the Process Statement but isn't in the Process Statement's sensitivity list
Warning (10492): VHDL Process Statement warning at display.vhd(162): signal "cur_row_part" is read inside the Process Statement but isn't in the Process Statement's sensitivity list
Warning (10492): VHDL Process Statement warning at display.vhd(163): signal "cur_line_part" is read inside the Process Statement but isn't in the Process Statement's sensitivity list
Warning (10492): VHDL Process Statement warning at display.vhd(165): signal "cur_line_part" is read inside the Process Statement but isn't in the Process Statement's sensitivity list
Warning (10492): VHDL Process Statement warning at display.vhd(167): signal "cur_line_part" is read inside the Process Statement but isn't in the Process Statement's sensitivity list
Warning (10492): VHDL Process Statement warning at display.vhd(169): signal "cur_line_part" is read inside the Process Statement but isn't in the Process Statement's sensitivity list
Warning (10492): VHDL Process Statement warning at display.vhd(171): signal "cur_line_part" is read inside the Process Statement but isn't in the Process Statement's sensitivity list
Warning (10492): VHDL Process Statement warning at display.vhd(173): signal "cur_line_part" is read inside the Process Statement but isn't in the Process Statement's sensitivity list
Warning (10492): VHDL Process Statement warning at display.vhd(175): signal "cur_line_part" is read inside the Process Statement but isn't in the Process Statement's sensitivity list
Warning (10492): VHDL Process Statement warning at display.vhd(177): signal "cur_line_part" is read inside the Process Statement but isn't in the Process Statement's sensitivity list
Warning (10492): VHDL Process Statement warning at display.vhd(182): signal "cur_row_part" is read inside the Process Statement but isn't in the Process Statement's sensitivity list
Warning (10492): VHDL Process Statement warning at display.vhd(183): signal "cur_line_part" is read inside the Process Statement but isn't in the Process Statement's sensitivity list
Warning (10492): VHDL Process Statement warning at display.vhd(185): signal "cur_line_part" is read inside the Process Statement but isn't in the Process Statement's sensitivity list
Warning (10492): VHDL Process Statement warning at display.vhd(187): signal "cur_line_part" is read inside the Process Statement but isn't in the Process Statement's sensitivity list
Warning (10492): VHDL Process Statement warning at display.vhd(189): signal "cur_line_part" is read inside the Process Statement but isn't in the Process Statement's sensitivity list
Warning (10492): VHDL Process Statement warning at display.vhd(191): signal "cur_line_part" is read inside the Process Statement but isn't in the Process Statement's sensitivity list
Warning (10492): VHDL Process Statement warning at display.vhd(193): signal "cur_line_part" is read inside the Process Statement but isn't in the Process Statement's sensitivity list
Warning (10492): VHDL Process Statement warning at display.vhd(195): signal "cur_line_part" is read inside the Process Statement but isn't in the Process Statement's sensitivity list
Warning (10492): VHDL Process Statement warning at display.vhd(197): signal "cur_line_part" is read inside the Process Statement but isn't in the Process Statement's sensitivity list
Warning (10492): VHDL Process Statement warning at display.vhd(206): signal "cur_line_part" is read inside the Process Statement but isn't in the Process Statement's sensitivity list
Warning (10492): VHDL Process Statement warning at display.vhd(208): signal "cur_line_part" is read inside the Process Statement but isn't in the Process Statement's sensitivity list
Warning (10492): VHDL Process Statement warning at display.vhd(210): signal "cur_line_part" is read inside the Process Statement but isn't in the Process Statement's sensitivity list
Warning (10492): VHDL Process Statement warning at display.vhd(212): signal "cur_line_part" is read inside the Process Statement but isn't in the Process Statement's sensitivity list
Warning (10492): VHDL Process Statement warning at display.vhd(214): signal "cur_line_part" is read inside the Process Statement but isn't in the Process Statement's sensitivity list
Warning (10492): VHDL Process Statement warning at display.vhd(216): signal "cur_line_part" is read inside the Process Statement but isn't in the Process Statement's sensitivity list
Warning (10492): VHDL Process Statement warning at display.vhd(218): signal "cur_line_part" is read inside the Process Statement but isn't in the Process Statement's sensitivity list
Warning (10492): VHDL Process Statement warning at display.vhd(220): signal "cur_line_part" is read inside the Process Statement but isn't in the Process Statement's sensitivity list
Warning (10492): VHDL Process Statement warning at display.vhd(222): signal "cur_line_part" is read inside the Process Statement but isn't in the Process Statement's sensitivity list
Warning (10492): VHDL Process Statement warning at display.vhd(226): signal "cur_row_part" is read inside the Process Statement but isn't in the Process Statement's sensitivity list
Warning (10492): VHDL Process Statement warning at display.vhd(227): signal "cur_line_part" is read inside the Process Statement but isn't in the Process Statement's sensitivity list
Warning (10492): VHDL Process Statement warning at display.vhd(229): signal "cur_line_part" is read inside the Process Statement but isn't in the Process Statement's sensitivity list
Warning (10492): VHDL Process Statement warning at display.vhd(231): signal "cur_line_part" is read inside the Process Statement but isn't in the Process Statement's sensitivity list
Warning (10492): VHDL Process Statement warning at display.vhd(233): signal "cur_line_part" is read inside the Process Statement but isn't in the Process Statement's sensitivity list
Warning (10492): VHDL Process Statement warning at display.vhd(235): signal "cur_line_part" is read inside the Process Statement but isn't in the Process Statement's sensitivity list
Warning (10492): VHDL Process Statement warning at display.vhd(237): signal "cur_line_part" is read inside the Process Statement but isn't in the Process Statement's sensitivity list
Warning (10492): VHDL Process Statement warning at display.vhd(239): signal "cur_line_part" is read inside the Process Statement but isn't in the Process Statement's sensitivity list
Warning (10492): VHDL Process Statement warning at display.vhd(241): signal "cur_line_part" is read inside the Process Statement but isn't in the Process Statement's sensitivity list
Warning (10492): VHDL Process Statement warning at display.vhd(246): signal "cur_row_part" is read inside the Process Statement but isn't in the Process Statement's sensitivity list
Warning (10492): VHDL Process Statement warning at display.vhd(247): signal "cur_line_part" is read inside the Process Statement but isn't in the Process Statement's sensitivity list
Warning (10492): VHDL Process Statement warning at display.vhd(249): signal "cur_line_part" is read inside the Process Statement but isn't in the Process Statement's sensitivity list
Warning (10492): VHDL Process Statement warning at display.vhd(251): signal "cur_line_part" is read inside the Process Statement but isn't in the Process Statement's sensitivity list
Warning (10492): VHDL Process Statement warning at display.vhd(253): signal "cur_line_part" is read inside the Process Statement but isn't in the Process Statement's sensitivity list
Warning (10492): VHDL Process Statement warning at display.vhd(255): signal "cur_line_part" is read inside the Process Statement but isn't in the Process Statement's sensitivity list
Warning (10492): VHDL Process Statement warning at display.vhd(257): signal "cur_line_part" is read inside the Process Statement but isn't in the Process Statement's sensitivity list
Warning (10492): VHDL Process Statement warning at display.vhd(259): signal "cur_line_part" is read inside the Process Statement but isn't in the Process Statement's sensitivity list
Warning (10492): VHDL Process Statement warning at display.vhd(261): signal "cur_line_part" is read inside the Process Statement but isn't in the Process Statement's sensitivity list
Warning (10492): VHDL Process Statement warning at display.vhd(266): signal "cur_row_part" is read inside the Process Statement but isn't in the Process Statement's sensitivity list
Warning (10492): VHDL Process Statement warning at display.vhd(267): signal "cur_line_part" is read inside the Process Statement but isn't in the Process Statement's sensitivity list
Warning (10492): VHDL Process Statement warning at display.vhd(269): signal "cur_line_part" is read inside the Process Statement but isn't in the Process Statement's sensitivity list
Warning (10492): VHDL Process Statement warning at display.vhd(271): signal "cur_line_part" is read inside the Process Statement but isn't in the Process Statement's sensitivity list
Warning (10492): VHDL Process Statement warning at display.vhd(273): signal "cur_line_part" is read inside the Process Statement but isn't in the Process Statement's sensitivity list
Warning (10492): VHDL Process Statement warning at display.vhd(275): signal "cur_line_part" is read inside the Process Statement but isn't in the Process Statement's sensitivity list
Warning (10492): VHDL Process Statement warning at display.vhd(277): signal "cur_line_part" is read inside the Process Statement but isn't in the Process Statement's sensitivity list
Warning (10492): VHDL Process Statement warning at display.vhd(279): signal "cur_line_part" is read inside the Process Statement but isn't in the Process Statement's sensitivity list
Warning (10492): VHDL Process Statement warning at display.vhd(281): signal "cur_line_part" is read inside the Process Statement but isn't in the Process Statement's sensitivity list
Warning (10492): VHDL Process Statement warning at display.vhd(286): signal "cur_row_part" is read inside the Process Statement but isn't in the Process Statement's sensitivity list
Warning (10492): VHDL Process Statement warning at display.vhd(287): signal "cur_line_part" is read inside the Process Statement but isn't in the Process Statement's sensitivity list
Warning (10492): VHDL Process Statement warning at display.vhd(289): signal "cur_line_part" is read inside the Process Statement but isn't in the Process Statement's sensitivity list
Warning (10492): VHDL Process Statement warning at display.vhd(291): signal "cur_line_part" is read inside the Process Statement but isn't in the Process Statement's sensitivity list
Warning (10492): VHDL Process Statement warning at display.vhd(293): signal "cur_line_part" is read inside the Process Statement but isn't in the Process Statement's sensitivity list
Warning (10492): VHDL Process Statement warning at display.vhd(295): signal "cur_line_part" is read inside the Process Statement but isn't in the Process Statement's sensitivity list
Warning (10492): VHDL Process Statement warning at display.vhd(297): signal "cur_line_part" is read inside the Process Statement but isn't in the Process Statement's sensitivity list
Warning (10492): VHDL Process Statement warning at display.vhd(299): signal "cur_line_part" is read inside the Process Statement but isn't in the Process Statement's sensitivity list
Warning (10492): VHDL Process Statement warning at display.vhd(301): signal "cur_line_part" is read inside the Process Statement but isn't in the Process Statement's sensitivity list
Warning (10492): VHDL Process Statement warning at display.vhd(306): signal "cur_row_part" is read inside the Process Statement but isn't in the Process Statement's sensitivity list
Warning (10492): VHDL Process Statement warning at display.vhd(307): signal "cur_line_part" is read inside the Process Statement but isn't in the Process Statement's sensitivity list
Warning (10492): VHDL Process Statement warning at display.vhd(309): signal "cur_line_part" is read inside the Process Statement but isn't in the Process Statement's sensitivity list
Warning (10492): VHDL Process Statement warning at display.vhd(311): signal "cur_line_part" is read inside the Process Statement but isn't in the Process Statement's sensitivity list
Warning (10492): VHDL Process Statement warning at display.vhd(313): signal "cur_line_part" is read inside the Process Statement but isn't in the Process Statement's sensitivity list
Warning (10492): VHDL Process Statement warning at display.vhd(315): signal "cur_line_part" is read inside the Process Statement but isn't in the Process Statement's sensitivity list
Warning (10492): VHDL Process Statement warning at display.vhd(317): signal "cur_line_part" is read inside the Process Statement but isn't in the Process Statement's sensitivity list
Warning (10492): VHDL Process Statement warning at display.vhd(319): signal "cur_line_part" is read inside the Process Statement but isn't in the Process Statement's sensitivity list
Warning (10492): VHDL Process Statement warning at display.vhd(321): signal "cur_line_part" is read inside the Process Statement but isn't in the Process Statement's sensitivity list
Warning (10492): VHDL Process Statement warning at display.vhd(326): signal "cur_row_part" is read inside the Process Statement but isn't in the Process Statement's sensitivity list
Warning (10492): VHDL Process Statement warning at display.vhd(327): signal "cur_line_part" is read inside the Process Statement but isn't in the Process Statement's sensitivity list
Warning (10492): VHDL Process Statement warning at display.vhd(329): signal "cur_line_part" is read inside the Process Statement but isn't in the Process Statement's sensitivity list
Warning (10492): VHDL Process Statement warning at display.vhd(331): signal "cur_line_part" is read inside the Process Statement but isn't in the Process Statement's sensitivity list
Warning (10492): VHDL Process Statement warning at display.vhd(333): signal "cur_line_part" is read inside the Process Statement but isn't in the Process Statement's sensitivity list
Warning (10492): VHDL Process Statement warning at display.vhd(335): signal "cur_line_part" is read inside the Process Statement but isn't in the Process Statement's sensitivity list
Warning (10492): VHDL Process Statement warning at display.vhd(337): signal "cur_line_part" is read inside the Process Statement but isn't in the Process Statement's sensitivity list
Warning (10492): VHDL Process Statement warning at display.vhd(339): signal "cur_line_part" is read inside the Process Statement but isn't in the Process Statement's sensitivity list
Warning (10492): VHDL Process Statement warning at display.vhd(341): signal "cur_line_part" is read inside the Process Statement but isn't in the Process Statement's sensitivity list
Warning (10492): VHDL Process Statement warning at display.vhd(346): signal "cur_row_part" is read inside the Process Statement but isn't in the Process Statement's sensitivity list
Warning (10492): VHDL Process Statement warning at display.vhd(347): signal "cur_line_part" is read inside the Process Statement but isn't in the Process Statement's sensitivity list
Warning (10492): VHDL Process Statement warning at display.vhd(349): signal "cur_line_part" is read inside the Process Statement but isn't in the Process Statement's sensitivity list
Warning (10492): VHDL Process Statement warning at display.vhd(351): signal "cur_line_part" is read inside the Process Statement but isn't in the Process Statement's sensitivity list
Warning (10492): VHDL Process Statement warning at display.vhd(353): signal "cur_line_part" is read inside the Process Statement but isn't in the Process Statement's sensitivity list
Warning (10492): VHDL Process Statement warning at display.vhd(355): signal "cur_line_part" is read inside the Process Statement but isn't in the Process Statement's sensitivity list
Warning (10492): VHDL Process Statement warning at display.vhd(357): signal "cur_line_part" is read inside the Process Statement but isn't in the Process Statement's sensitivity list
Warning (10492): VHDL Process Statement warning at display.vhd(359): signal "cur_line_part" is read inside the Process Statement but isn't in the Process Statement's sensitivity list
Warning (10492): VHDL Process Statement warning at display.vhd(361): signal "cur_line_part" is read inside the Process Statement but isn't in the Process Statement's sensitivity list
Warning (10492): VHDL Process Statement warning at display.vhd(366): signal "cur_row_part" is read inside the Process Statement but isn't in the Process Statement's sensitivity list
Warning (10492): VHDL Process Statement warning at display.vhd(367): signal "cur_line_part" is read inside the Process Statement but isn't in the Process Statement's sensitivity list
Warning (10492): VHDL Process Statement warning at display.vhd(369): signal "cur_line_part" is read inside the Process Statement but isn't in the Process Statement's sensitivity list
Warning (10492): VHDL Process Statement warning at display.vhd(371): signal "cur_line_part" is read inside the Process Statement but isn't in the Process Statement's sensitivity list
Warning (10492): VHDL Process Statement warning at display.vhd(373): signal "cur_line_part" is read inside the Process Statement but isn't in the Process Statement's sensitivity list
Warning (10492): VHDL Process Statement warning at display.vhd(375): signal "cur_line_part" is read inside the Process Statement but isn't in the Process Statement's sensitivity list
Warning (10492): VHDL Process Statement warning at display.vhd(377): signal "cur_line_part" is read inside the Process Statement but isn't in the Process Statement's sensitivity list
Warning (10492): VHDL Process Statement warning at display.vhd(379): signal "cur_line_part" is read inside the Process Statement but isn't in the Process Statement's sensitivity list
Warning (10492): VHDL Process Statement warning at display.vhd(381): signal "cur_line_part" is read inside the Process Statement but isn't in the Process Statement's sensitivity list
Warning (10492): VHDL Process Statement warning at display.vhd(390): signal "cur_line_part" is read inside the Process Statement but isn't in the Process Statement's sensitivity list
Warning (10492): VHDL Process Statement warning at display.vhd(392): signal "cur_line_part" is read inside the Process Statement but isn't in the Process Statement's sensitivity list
Warning (10492): VHDL Process Statement warning at display.vhd(394): signal "cur_line_part" is read inside the Process Statement but isn't in the Process Statement's sensitivity list
Warning (10492): VHDL Process Statement warning at display.vhd(396): signal "cur_line_part" is read inside the Process Statement but isn't in the Process Statement's sensitivity list
Warning (10492): VHDL Process Statement warning at display.vhd(398): signal "cur_line_part" is read inside the Process Statement but isn't in the Process Statement's sensitivity list
Warning (10492): VHDL Process Statement warning at display.vhd(400): signal "cur_line_part" is read inside the Process Statement but isn't in the Process Statement's sensitivity list
Warning (10492): VHDL Process Statement warning at display.vhd(402): signal "cur_line_part" is read inside the Process Statement but isn't in the Process Statement's sensitivity list
Warning (10492): VHDL Process Statement warning at display.vhd(404): signal "cur_line_part" is read inside the Process Statement but isn't in the Process Statement's sensitivity list
Warning (10492): VHDL Process Statement warning at display.vhd(410): signal "RGB" is read inside the Process Statement but isn't in the Process Statement's sensitivity list
Warning (10492): VHDL Process Statement warning at display.vhd(411): signal "RGB" is read inside the Process Statement but isn't in the Process Statement's sensitivity list
Warning (10492): VHDL Process Statement warning at display.vhd(412): signal "RGB" is read inside the Process Statement but isn't in the Process Statement's sensitivity list
Warning (10631): VHDL Process Statement warning at display.vhd(37): inferring latch(es) for signal or variable "RGB", which holds its previous value in one or more paths through the process
Info (10041): Inferred latch for "RGB[0]" at display.vhd(37)
Info (10041): Inferred latch for "RGB[1]" at display.vhd(37)
Info (10041): Inferred latch for "RGB[2]" at display.vhd(37)
Info: Elaborating entity "line_controller" for hierarchy "line_controller:inst1"
Warning (10492): VHDL Process Statement warning at line_controller.vhd(64): signal "flag" is read inside the Process Statement but isn't in the Process Statement's sensitivity list
Warning (10492): VHDL Process Statement warning at line_controller.vhd(65): signal "part" is read inside the Process Statement but isn't in the Process Statement's sensitivity list
Info: Elaborating entity "row_controller" for hierarchy "row_controller:inst3"
Info: Elaborating entity "mode_selector" for hierarchy "mode_selector:inst2"
Warning (10492): VHDL Process Statement warning at mode_selector.vhd(24): signal "tmp" is read inside the Process Statement but isn't in the Process Statement's sensitivity list
Info: Inferred 2 megafunctions from design logic
    Info: Inferred lpm_counter megafunction (LPM_WIDTH=5) from the following logic: "line_controller:inst1|counter[0]~0"
    Info: Inferred lpm_counter megafunction (LPM_WIDTH=10) from the following logic: "row_controller:inst3|counter[0]~0"
Info: Elaborated megafunction instantiation "line_controller:inst1|lpm_counter:counter_rtl_0"
Info: Instantiated megafunction "line_controller:inst1|lpm_counter:counter_rtl_0" with the following parameter:
    Info: Parameter "LPM_WIDTH" = "5"
    Info: Parameter "LPM_DIRECTION" = "UP"
    Info: Parameter "LPM_TYPE" = "LPM_COUNTER"
Info: Elaborated megafunction instantiation "row_controller:inst3|lpm_counter:counter_rtl_1"
Info: Instantiated megafunction "row_controller:inst3|lpm_counter:counter_rtl_1" with the following parameter:
    Info: Parameter "LPM_WIDTH" = "10"
    Info: Parameter "LPM_DIRECTION" = "UP"
    Info: Parameter "LPM_TYPE" = "LPM_COUNTER"
Info: Promoted pin-driven signal(s) to global signal
    Info: Promoted clear signal driven by pin "clr" to global clear signal
Info: Implemented 64 device resources after synthesis - the final resource count might be different
    Info: Implemented 3 input pins
    Info: Implemented 5 output pins
    Info: Implemented 49 macrocells
    Info: Implemented 7 shareable expanders
Info: Quartus II Analysis & Synthesis was successful. 0 errors, 169 warnings
    Info: Peak virtual memory: 230 megabytes
    Info: Processing ended: Fri Jun 02 15:17:42 2023
    Info: Elapsed time: 00:00:01
    Info: Total CPU time (on all processors): 00:00:01


