Flow report for pill_bottle
Fri May 26 18:10:22 2023
Quartus II Version 9.1 Build 222 10/21/2009 SJ Full Version


---------------------
; Table of Contents ;
---------------------
  1. Legal Notice
  2. Flow Summary
  3. Flow Settings
  4. Flow Non-Default Global Settings
  5. Flow Elapsed Time
  6. Flow OS Summary
  7. Flow Log



----------------
; Legal Notice ;
----------------
Copyright (C) 1991-2009 Altera Corporation
Your use of Altera Corporation's design tools, logic functions 
and other software and tools, and its AMPP partner logic 
functions, and any output files from any of the foregoing 
(including device programming or simulation files), and any 
associated documentation or information are expressly subject 
to the terms and conditions of the Altera Program License 
Subscription Agreement, Altera MegaCore Function License 
Agreement, or other applicable license agreement, including, 
without limitation, that your use is for the sole purpose of 
programming logic devices manufactured by Altera and sold by 
Altera or its authorized distributors.  Please refer to the 
applicable agreement for further details.



+--------------------------------------------------------------------+
; Flow Summary                                                       ;
+-------------------------+------------------------------------------+
; Flow Status             ; Successful - Fri May 26 18:10:22 2023    ;
; Quartus II Version      ; 9.1 Build 222 10/21/2009 SJ Full Version ;
; Revision Name           ; pill_bottle                              ;
; Top-level Entity Name   ; pill_bottle                              ;
; Family                  ; MAX7000S                                 ;
; Device                  ; EPM7128SLC84-15                          ;
; Timing Models           ; Final                                    ;
; Met timing requirements ; Yes                                      ;
; Total macrocells        ; 111 / 128 ( 87 % )                       ;
; Total pins              ; 39 / 68 ( 57 % )                         ;
+-------------------------+------------------------------------------+


+-----------------------------------------+
; Flow Settings                           ;
+-------------------+---------------------+
; Option            ; Setting             ;
+-------------------+---------------------+
; Start date & time ; 05/26/2023 18:10:17 ;
; Main task         ; Compilation         ;
; Revision Name     ; pill_bottle         ;
+-------------------+---------------------+


+-------------------------------------------------------------------------------------------------------------------------------------------------------+
; Flow Non-Default Global Settings                                                                                                                      ;
+------------------------------------+-------------------------------------------------------------------+---------------+-------------+----------------+
; Assignment Name                    ; Value                                                             ; Default Value ; Entity Name ; Section Id     ;
+------------------------------------+-------------------------------------------------------------------+---------------+-------------+----------------+
; COMPILER_SIGNATURE_ID              ; 273270821169370.168509581702272                                   ; --            ; --          ; --             ;
; MAX_CORE_JUNCTION_TEMP             ; 85                                                                ; --            ; --          ; --             ;
; MIN_CORE_JUNCTION_TEMP             ; 0                                                                 ; --            ; --          ; --             ;
; MISC_FILE                          ; C:/Users/…Ú‘≠Â∞/Desktop/FuckDataLogic/pill_bottle/pill_bottle.dpf ; --            ; --          ; --             ;
; USE_GENERATED_PHYSICAL_CONSTRAINTS ; Off                                                               ; --            ; --          ; eda_blast_fpga ;
+------------------------------------+-------------------------------------------------------------------+---------------+-------------+----------------+


+-----------------------------------------------------------------------------------------------------------------------------+
; Flow Elapsed Time                                                                                                           ;
+-------------------------+--------------+-------------------------+---------------------+------------------------------------+
; Module Name             ; Elapsed Time ; Average Processors Used ; Peak Virtual Memory ; Total CPU Time (on all processors) ;
+-------------------------+--------------+-------------------------+---------------------+------------------------------------+
; Analysis & Synthesis    ; 00:00:02     ; 1.0                     ; 245 MB              ; 00:00:03                           ;
; Fitter                  ; 00:00:00     ; 1.0                     ; 211 MB              ; 00:00:01                           ;
; Assembler               ; 00:00:00     ; 1.0                     ; 198 MB              ; 00:00:00                           ;
; Classic Timing Analyzer ; 00:00:00     ; 1.0                     ; 169 MB              ; 00:00:00                           ;
; Total                   ; 00:00:02     ; --                      ; --                  ; 00:00:04                           ;
+-------------------------+--------------+-------------------------+---------------------+------------------------------------+


+------------------------------------------------------------------------------------------+
; Flow OS Summary                                                                          ;
+-------------------------+------------------+---------------+------------+----------------+
; Module Name             ; Machine Hostname ; OS Name       ; OS Version ; Processor type ;
+-------------------------+------------------+---------------+------------+----------------+
; Analysis & Synthesis    ; LAPTOP-8CBVQ5F7  ; Windows Vista ; 6.2        ; x86_64         ;
; Fitter                  ; LAPTOP-8CBVQ5F7  ; Windows Vista ; 6.2        ; x86_64         ;
; Assembler               ; LAPTOP-8CBVQ5F7  ; Windows Vista ; 6.2        ; x86_64         ;
; Classic Timing Analyzer ; LAPTOP-8CBVQ5F7  ; Windows Vista ; 6.2        ; x86_64         ;
+-------------------------+------------------+---------------+------------+----------------+


------------
; Flow Log ;
------------
quartus_map --read_settings_files=on --write_settings_files=off pill_bottle -c pill_bottle
quartus_fit --read_settings_files=off --write_settings_files=off pill_bottle -c pill_bottle
quartus_asm --read_settings_files=off --write_settings_files=off pill_bottle -c pill_bottle
quartus_tan --read_settings_files=off --write_settings_files=off pill_bottle -c pill_bottle



