Flow report for Clock
Fri Jun 02 14:54:19 2023
Quartus II Version 9.1 Build 222 10/21/2009 SJ Full Version


---------------------
; Table of Contents ;
---------------------
  1. Legal Notice
  2. Flow Summary
  3. Flow Settings
  4. Flow Non-Default Global Settings
  5. Flow Elapsed Time
  6. Flow OS Summary
  7. Flow Log



----------------
; Legal Notice ;
----------------
Copyright (C) 1991-2009 Altera Corporation
Your use of Altera Corporation's design tools, logic functions 
and other software and tools, and its AMPP partner logic 
functions, and any output files from any of the foregoing 
(including device programming or simulation files), and any 
associated documentation or information are expressly subject 
to the terms and conditions of the Altera Program License 
Subscription Agreement, Altera MegaCore Function License 
Agreement, or other applicable license agreement, including, 
without limitation, that your use is for the sole purpose of 
programming logic devices manufactured by Altera and sold by 
Altera or its authorized distributors.  Please refer to the 
applicable agreement for further details.



+--------------------------------------------------------------------+
; Flow Summary                                                       ;
+-------------------------+------------------------------------------+
; Flow Status             ; Successful - Fri Jun 02 14:54:19 2023    ;
; Quartus II Version      ; 9.1 Build 222 10/21/2009 SJ Full Version ;
; Revision Name           ; Clock                                    ;
; Top-level Entity Name   ; clock                                    ;
; Family                  ; MAX7000S                                 ;
; Device                  ; EPM7128SLC84-15                          ;
; Timing Models           ; Final                                    ;
; Met timing requirements ; Yes                                      ;
; Total macrocells        ; 106 / 128 ( 83 % )                       ;
; Total pins              ; 50 / 68 ( 74 % )                         ;
+-------------------------+------------------------------------------+


+-----------------------------------------+
; Flow Settings                           ;
+-------------------+---------------------+
; Option            ; Setting             ;
+-------------------+---------------------+
; Start date & time ; 06/02/2023 14:54:16 ;
; Main task         ; Compilation         ;
; Revision Name     ; Clock               ;
+-------------------+---------------------+


+--------------------------------------------------------------------------------------------------------------------------------------------------+
; Flow Non-Default Global Settings                                                                                                                 ;
+------------------------------------+--------------------------------------------------------------+---------------+-------------+----------------+
; Assignment Name                    ; Value                                                        ; Default Value ; Entity Name ; Section Id     ;
+------------------------------------+--------------------------------------------------------------+---------------+-------------+----------------+
; COMPILER_SIGNATURE_ID              ; 2200299517014.168568885603188                                ; --            ; --          ; --             ;
; MAX_CORE_JUNCTION_TEMP             ; 85                                                           ; --            ; --          ; --             ;
; MIN_CORE_JUNCTION_TEMP             ; 0                                                            ; --            ; --          ; --             ;
; MISC_FILE                          ; C:/Users/…Ú‘≠Â∞/Desktop/FuckDataLogic/Clock/Clock.dpf        ; --            ; --          ; --             ;
; MISC_FILE                          ; C:/Users/Administrator/Desktop/FuckDataLogic/clock/Clock.dpf ; --            ; --          ; --             ;
; MISC_FILE                          ; C:/Users/…Ú‘≠Â∞/Desktop/FuckDataLogic/clock/Clock.dpf        ; --            ; --          ; --             ;
; MISC_FILE                          ; G:/526/FuckDataLogic/clock/Clock.dpf                         ; --            ; --          ; --             ;
; MISC_FILE                          ; C:/Users/Administrator/Desktop/clock/Clock.dpf               ; --            ; --          ; --             ;
; MISC_FILE                          ; G:/clock5.29.21.10/clock/Clock.dpf                           ; --            ; --          ; --             ;
; MISC_FILE                          ; G:/clock5.30.13.00/clock/Clock.dpf                           ; --            ; --          ; --             ;
; MISC_FILE                          ; G:/clock6.2.13.50/clock_blink/Clock.dpf                      ; --            ; --          ; --             ;
; MISC_FILE                          ; G:/clock6.2.14.01/clock_blink/Clock.dpf                      ; --            ; --          ; --             ;
; USE_GENERATED_PHYSICAL_CONSTRAINTS ; Off                                                          ; --            ; --          ; eda_blast_fpga ;
+------------------------------------+--------------------------------------------------------------+---------------+-------------+----------------+


+-----------------------------------------------------------------------------------------------------------------------------+
; Flow Elapsed Time                                                                                                           ;
+-------------------------+--------------+-------------------------+---------------------+------------------------------------+
; Module Name             ; Elapsed Time ; Average Processors Used ; Peak Virtual Memory ; Total CPU Time (on all processors) ;
+-------------------------+--------------+-------------------------+---------------------+------------------------------------+
; Analysis & Synthesis    ; 00:00:02     ; 1.0                     ; 230 MB              ; 00:00:01                           ;
; Fitter                  ; 00:00:01     ; 1.0                     ; 181 MB              ; 00:00:00                           ;
; Assembler               ; 00:00:01     ; 1.0                     ; 182 MB              ; 00:00:00                           ;
; Classic Timing Analyzer ; 00:00:00     ; 1.0                     ; 155 MB              ; 00:00:00                           ;
; Total                   ; 00:00:04     ; --                      ; --                  ; 00:00:01                           ;
+-------------------------+--------------+-------------------------+---------------------+------------------------------------+


+------------------------------------------------------------------------------------------+
; Flow OS Summary                                                                          ;
+-------------------------+------------------+---------------+------------+----------------+
; Module Name             ; Machine Hostname ; OS Name       ; OS Version ; Processor type ;
+-------------------------+------------------+---------------+------------+----------------+
; Analysis & Synthesis    ; 722-29           ; Windows Vista ; 6.1        ; x86_64         ;
; Fitter                  ; 722-29           ; Windows Vista ; 6.1        ; x86_64         ;
; Assembler               ; 722-29           ; Windows Vista ; 6.1        ; x86_64         ;
; Classic Timing Analyzer ; 722-29           ; Windows Vista ; 6.1        ; x86_64         ;
+-------------------------+------------------+---------------+------------+----------------+


------------
; Flow Log ;
------------
quartus_map --read_settings_files=on --write_settings_files=off clock -c Clock
quartus_fit --read_settings_files=off --write_settings_files=off clock -c Clock
quartus_asm --read_settings_files=off --write_settings_files=off clock -c Clock
quartus_tan --read_settings_files=off --write_settings_files=off clock -c Clock



